NEW FURNITURES: 
/Users/YutoTakamoto/Dropbox/YutoProgramming/RandomKCWikiScripts/Scrape Logs/Furniture/Floor/Floor - 001.png

/Users/YutoTakamoto/Dropbox/YutoProgramming/RandomKCWikiScripts/Scrape Logs/Furniture/Floor/Floor - 002.png

/Users/YutoTakamoto/Dropbox/YutoProgramming/RandomKCWikiScripts/Scrape Logs/Furniture/Floor/Floor - 003.png

/Users/YutoTakamoto/Dropbox/YutoProgramming/RandomKCWikiScripts/Scrape Logs/Furniture/Floor/Floor - 004.png

/Users/YutoTakamoto/Dropbox/YutoProgramming/RandomKCWikiScripts/Scrape Logs/Furniture/Floor/Floor - 005.png

/Users/YutoTakamoto/Dropbox/YutoProgramming/RandomKCWikiScripts/Scrape Logs/Furniture/Floor/Floor - 006.swf

/Users/YutoTakamoto/Dropbox/YutoProgramming/RandomKCWikiScripts/Scrape Logs/Furniture/Floor/Floor - 007.png

/Users/YutoTakamoto/Dropbox/YutoProgramming/RandomKCWikiScripts/Scrape Logs/Furniture/Floor/Floor - 009.png

/Users/YutoTakamoto/Dropbox/YutoProgramming/RandomKCWikiScripts/Scrape Logs/Furniture/Floor/Floor - 012.png

/Users/YutoTakamoto/Dropbox/YutoProgramming/RandomKCWikiScripts/Scrape Logs/Furniture/Floor/Floor - 014.png

/Users/YutoTakamoto/Dropbox/YutoProgramming/RandomKCWikiScripts/Scrape Logs/Furniture/Floor/Floor - 017.png

/Users/YutoTakamoto/Dropbox/YutoProgramming/RandomKCWikiScripts/Scrape Logs/Furniture/Floor/Floor - 020.png

/Users/YutoTakamoto/Dropbox/YutoProgramming/RandomKCWikiScripts/Scrape Logs/Furniture/Floor/Floor - 021.png

/Users/YutoTakamoto/Dropbox/YutoProgramming/RandomKCWikiScripts/Scrape Logs/Furniture/Floor/Floor - 022.png

/Users/YutoTakamoto/Dropbox/YutoProgramming/RandomKCWikiScripts/Scrape Logs/Furniture/Floor/Floor - 023.swf

/Users/YutoTakamoto/Dropbox/YutoProgramming/RandomKCWikiScripts/Scrape Logs/Furniture/Floor/Floor - 024.png

/Users/YutoTakamoto/Dropbox/YutoProgramming/RandomKCWikiScripts/Scrape Logs/Furniture/Floor/Floor - 025.png

/Users/YutoTakamoto/Dropbox/YutoProgramming/RandomKCWikiScripts/Scrape Logs/Furniture/Floor/Floor - 026.png

/Users/YutoTakamoto/Dropbox/YutoProgramming/RandomKCWikiScripts/Scrape Logs/Furniture/Floor/Floor - 031.png

/Users/YutoTakamoto/Dropbox/YutoProgramming/RandomKCWikiScripts/Scrape Logs/Furniture/Floor/Floor - 033.png

/Users/YutoTakamoto/Dropbox/YutoProgramming/RandomKCWikiScripts/Scrape Logs/Furniture/Floor/Floor - 034.png

/Users/YutoTakamoto/Dropbox/YutoProgramming/RandomKCWikiScripts/Scrape Logs/Furniture/Floor/Floor - 035.png

/Users/YutoTakamoto/Dropbox/YutoProgramming/RandomKCWikiScripts/Scrape Logs/Furniture/Floor/Floor - 037.png

/Users/YutoTakamoto/Dropbox/YutoProgramming/RandomKCWikiScripts/Scrape Logs/Furniture/Floor/Floor - 038.png

/Users/YutoTakamoto/Dropbox/YutoProgramming/RandomKCWikiScripts/Scrape Logs/Furniture/Wall/Wall - 001.png

/Users/YutoTakamoto/Dropbox/YutoProgramming/RandomKCWikiScripts/Scrape Logs/Furniture/Wall/Wall - 002.png

/Users/YutoTakamoto/Dropbox/YutoProgramming/RandomKCWikiScripts/Scrape Logs/Furniture/Wall/Wall - 003.png

/Users/YutoTakamoto/Dropbox/YutoProgramming/RandomKCWikiScripts/Scrape Logs/Furniture/Wall/Wall - 004.png

/Users/YutoTakamoto/Dropbox/YutoProgramming/RandomKCWikiScripts/Scrape Logs/Furniture/Wall/Wall - 005.png

/Users/YutoTakamoto/Dropbox/YutoProgramming/RandomKCWikiScripts/Scrape Logs/Furniture/Wall/Wall - 007.png

/Users/YutoTakamoto/Dropbox/YutoProgramming/RandomKCWikiScripts/Scrape Logs/Furniture/Wall/Wall - 008.png

/Users/YutoTakamoto/Dropbox/YutoProgramming/RandomKCWikiScripts/Scrape Logs/Furniture/Wall/Wall - 009.png

/Users/YutoTakamoto/Dropbox/YutoProgramming/RandomKCWikiScripts/Scrape Logs/Furniture/Wall/Wall - 010.png

/Users/YutoTakamoto/Dropbox/YutoProgramming/RandomKCWikiScripts/Scrape Logs/Furniture/Wall/Wall - 011.png

/Users/YutoTakamoto/Dropbox/YutoProgramming/RandomKCWikiScripts/Scrape Logs/Furniture/Wall/Wall - 012.png

/Users/YutoTakamoto/Dropbox/YutoProgramming/RandomKCWikiScripts/Scrape Logs/Furniture/Wall/Wall - 013.png

/Users/YutoTakamoto/Dropbox/YutoProgramming/RandomKCWikiScripts/Scrape Logs/Furniture/Wall/Wall - 014.png

/Users/YutoTakamoto/Dropbox/YutoProgramming/RandomKCWikiScripts/Scrape Logs/Furniture/Wall/Wall - 015.png

/Users/YutoTakamoto/Dropbox/YutoProgramming/RandomKCWikiScripts/Scrape Logs/Furniture/Wall/Wall - 016.png

/Users/YutoTakamoto/Dropbox/YutoProgramming/RandomKCWikiScripts/Scrape Logs/Furniture/Wall/Wall - 017.png

/Users/YutoTakamoto/Dropbox/YutoProgramming/RandomKCWikiScripts/Scrape Logs/Furniture/Wall/Wall - 018.png

/Users/YutoTakamoto/Dropbox/YutoProgramming/RandomKCWikiScripts/Scrape Logs/Furniture/Wall/Wall - 019.png

/Users/YutoTakamoto/Dropbox/YutoProgramming/RandomKCWikiScripts/Scrape Logs/Furniture/Wall/Wall - 020.png

/Users/YutoTakamoto/Dropbox/YutoProgramming/RandomKCWikiScripts/Scrape Logs/Furniture/Wall/Wall - 021.png

/Users/YutoTakamoto/Dropbox/YutoProgramming/RandomKCWikiScripts/Scrape Logs/Furniture/Wall/Wall - 022.png

/Users/YutoTakamoto/Dropbox/YutoProgramming/RandomKCWikiScripts/Scrape Logs/Furniture/Wall/Wall - 023.png

/Users/YutoTakamoto/Dropbox/YutoProgramming/RandomKCWikiScripts/Scrape Logs/Furniture/Wall/Wall - 024.png

/Users/YutoTakamoto/Dropbox/YutoProgramming/RandomKCWikiScripts/Scrape Logs/Furniture/Wall/Wall - 026.png

/Users/YutoTakamoto/Dropbox/YutoProgramming/RandomKCWikiScripts/Scrape Logs/Furniture/Wall/Wall - 027.png

/Users/YutoTakamoto/Dropbox/YutoProgramming/RandomKCWikiScripts/Scrape Logs/Furniture/Wall/Wall - 028.png

/Users/YutoTakamoto/Dropbox/YutoProgramming/RandomKCWikiScripts/Scrape Logs/Furniture/Wall/Wall - 030.png

/Users/YutoTakamoto/Dropbox/YutoProgramming/RandomKCWikiScripts/Scrape Logs/Furniture/Wall/Wall - 031.png

/Users/YutoTakamoto/Dropbox/YutoProgramming/RandomKCWikiScripts/Scrape Logs/Furniture/Wall/Wall - 032.png

/Users/YutoTakamoto/Dropbox/YutoProgramming/RandomKCWikiScripts/Scrape Logs/Furniture/Wall/Wall - 033.png

/Users/YutoTakamoto/Dropbox/YutoProgramming/RandomKCWikiScripts/Scrape Logs/Furniture/Wall/Wall - 034.png

/Users/YutoTakamoto/Dropbox/YutoProgramming/RandomKCWikiScripts/Scrape Logs/Furniture/Wall/Wall - 035.png

/Users/YutoTakamoto/Dropbox/YutoProgramming/RandomKCWikiScripts/Scrape Logs/Furniture/Wall/Wall - 036.png

/Users/YutoTakamoto/Dropbox/YutoProgramming/RandomKCWikiScripts/Scrape Logs/Furniture/Wall/Wall - 037.png

/Users/YutoTakamoto/Dropbox/YutoProgramming/RandomKCWikiScripts/Scrape Logs/Furniture/Wall/Wall - 038.png

/Users/YutoTakamoto/Dropbox/YutoProgramming/RandomKCWikiScripts/Scrape Logs/Furniture/Wall/Wall - 039.png

/Users/YutoTakamoto/Dropbox/YutoProgramming/RandomKCWikiScripts/Scrape Logs/Furniture/Object/Object - 001.png

/Users/YutoTakamoto/Dropbox/YutoProgramming/RandomKCWikiScripts/Scrape Logs/Furniture/Object/Object - 002.png

/Users/YutoTakamoto/Dropbox/YutoProgramming/RandomKCWikiScripts/Scrape Logs/Furniture/Object/Object - 003.png

/Users/YutoTakamoto/Dropbox/YutoProgramming/RandomKCWikiScripts/Scrape Logs/Furniture/Object/Object - 004.png

/Users/YutoTakamoto/Dropbox/YutoProgramming/RandomKCWikiScripts/Scrape Logs/Furniture/Object/Object - 005.png

/Users/YutoTakamoto/Dropbox/YutoProgramming/RandomKCWikiScripts/Scrape Logs/Furniture/Object/Object - 006.png

/Users/YutoTakamoto/Dropbox/YutoProgramming/RandomKCWikiScripts/Scrape Logs/Furniture/Object/Object - 007.png

/Users/YutoTakamoto/Dropbox/YutoProgramming/RandomKCWikiScripts/Scrape Logs/Furniture/Object/Object - 008.png

/Users/YutoTakamoto/Dropbox/YutoProgramming/RandomKCWikiScripts/Scrape Logs/Furniture/Object/Object - 009.png

/Users/YutoTakamoto/Dropbox/YutoProgramming/RandomKCWikiScripts/Scrape Logs/Furniture/Object/Object - 010.png

/Users/YutoTakamoto/Dropbox/YutoProgramming/RandomKCWikiScripts/Scrape Logs/Furniture/Object/Object - 011.png

/Users/YutoTakamoto/Dropbox/YutoProgramming/RandomKCWikiScripts/Scrape Logs/Furniture/Object/Object - 012.png

/Users/YutoTakamoto/Dropbox/YutoProgramming/RandomKCWikiScripts/Scrape Logs/Furniture/Object/Object - 013.png

/Users/YutoTakamoto/Dropbox/YutoProgramming/RandomKCWikiScripts/Scrape Logs/Furniture/Object/Object - 014.png

/Users/YutoTakamoto/Dropbox/YutoProgramming/RandomKCWikiScripts/Scrape Logs/Furniture/Object/Object - 015.png

/Users/YutoTakamoto/Dropbox/YutoProgramming/RandomKCWikiScripts/Scrape Logs/Furniture/Object/Object - 016.png

/Users/YutoTakamoto/Dropbox/YutoProgramming/RandomKCWikiScripts/Scrape Logs/Furniture/Object/Object - 017.png

/Users/YutoTakamoto/Dropbox/YutoProgramming/RandomKCWikiScripts/Scrape Logs/Furniture/Object/Object - 019.png

/Users/YutoTakamoto/Dropbox/YutoProgramming/RandomKCWikiScripts/Scrape Logs/Furniture/Object/Object - 021.png

/Users/YutoTakamoto/Dropbox/YutoProgramming/RandomKCWikiScripts/Scrape Logs/Furniture/Object/Object - 022.png

/Users/YutoTakamoto/Dropbox/YutoProgramming/RandomKCWikiScripts/Scrape Logs/Furniture/Object/Object - 023.png

/Users/YutoTakamoto/Dropbox/YutoProgramming/RandomKCWikiScripts/Scrape Logs/Furniture/Object/Object - 024.png

/Users/YutoTakamoto/Dropbox/YutoProgramming/RandomKCWikiScripts/Scrape Logs/Furniture/Object/Object - 025.png

/Users/YutoTakamoto/Dropbox/YutoProgramming/RandomKCWikiScripts/Scrape Logs/Furniture/Object/Object - 026.png

/Users/YutoTakamoto/Dropbox/YutoProgramming/RandomKCWikiScripts/Scrape Logs/Furniture/Object/Object - 027.png

/Users/YutoTakamoto/Dropbox/YutoProgramming/RandomKCWikiScripts/Scrape Logs/Furniture/Object/Object - 028.png

/Users/YutoTakamoto/Dropbox/YutoProgramming/RandomKCWikiScripts/Scrape Logs/Furniture/Object/Object - 029.png

/Users/YutoTakamoto/Dropbox/YutoProgramming/RandomKCWikiScripts/Scrape Logs/Furniture/Object/Object - 031.png

/Users/YutoTakamoto/Dropbox/YutoProgramming/RandomKCWikiScripts/Scrape Logs/Furniture/Object/Object - 032.png

/Users/YutoTakamoto/Dropbox/YutoProgramming/RandomKCWikiScripts/Scrape Logs/Furniture/Object/Object - 033.png

/Users/YutoTakamoto/Dropbox/YutoProgramming/RandomKCWikiScripts/Scrape Logs/Furniture/Object/Object - 034.png

/Users/YutoTakamoto/Dropbox/YutoProgramming/RandomKCWikiScripts/Scrape Logs/Furniture/Object/Object - 036.png

/Users/YutoTakamoto/Dropbox/YutoProgramming/RandomKCWikiScripts/Scrape Logs/Furniture/Object/Object - 037.png

/Users/YutoTakamoto/Dropbox/YutoProgramming/RandomKCWikiScripts/Scrape Logs/Furniture/Object/Object - 038.png

/Users/YutoTakamoto/Dropbox/YutoProgramming/RandomKCWikiScripts/Scrape Logs/Furniture/Object/Object - 039.png

/Users/YutoTakamoto/Dropbox/YutoProgramming/RandomKCWikiScripts/Scrape Logs/Furniture/Object/Object - 040.png

/Users/YutoTakamoto/Dropbox/YutoProgramming/RandomKCWikiScripts/Scrape Logs/Furniture/Object/Object - 041.png

/Users/YutoTakamoto/Dropbox/YutoProgramming/RandomKCWikiScripts/Scrape Logs/Furniture/Object/Object - 043.png

/Users/YutoTakamoto/Dropbox/YutoProgramming/RandomKCWikiScripts/Scrape Logs/Furniture/Object/Object - 044.png

/Users/YutoTakamoto/Dropbox/YutoProgramming/RandomKCWikiScripts/Scrape Logs/Furniture/Object/Object - 046.png

/Users/YutoTakamoto/Dropbox/YutoProgramming/RandomKCWikiScripts/Scrape Logs/Furniture/Object/Object - 047.png

/Users/YutoTakamoto/Dropbox/YutoProgramming/RandomKCWikiScripts/Scrape Logs/Furniture/Object/Object - 048.png

/Users/YutoTakamoto/Dropbox/YutoProgramming/RandomKCWikiScripts/Scrape Logs/Furniture/Object/Object - 049.png

/Users/YutoTakamoto/Dropbox/YutoProgramming/RandomKCWikiScripts/Scrape Logs/Furniture/Window/Window - 001.png

/Users/YutoTakamoto/Dropbox/YutoProgramming/RandomKCWikiScripts/Scrape Logs/Furniture/Window/Window - 002.png

/Users/YutoTakamoto/Dropbox/YutoProgramming/RandomKCWikiScripts/Scrape Logs/Furniture/Window/Window - 003.png

/Users/YutoTakamoto/Dropbox/YutoProgramming/RandomKCWikiScripts/Scrape Logs/Furniture/Window/Window - 004.png

/Users/YutoTakamoto/Dropbox/YutoProgramming/RandomKCWikiScripts/Scrape Logs/Furniture/Window/Window - 005.png

/Users/YutoTakamoto/Dropbox/YutoProgramming/RandomKCWikiScripts/Scrape Logs/Furniture/Window/Window - 006.png

/Users/YutoTakamoto/Dropbox/YutoProgramming/RandomKCWikiScripts/Scrape Logs/Furniture/Window/Window - 007.png

/Users/YutoTakamoto/Dropbox/YutoProgramming/RandomKCWikiScripts/Scrape Logs/Furniture/Window/Window - 008.png

/Users/YutoTakamoto/Dropbox/YutoProgramming/RandomKCWikiScripts/Scrape Logs/Furniture/Window/Window - 009.png

/Users/YutoTakamoto/Dropbox/YutoProgramming/RandomKCWikiScripts/Scrape Logs/Furniture/Window/Window - 010.png

/Users/YutoTakamoto/Dropbox/YutoProgramming/RandomKCWikiScripts/Scrape Logs/Furniture/Window/Window - 011.png

/Users/YutoTakamoto/Dropbox/YutoProgramming/RandomKCWikiScripts/Scrape Logs/Furniture/Window/Window - 012.png

/Users/YutoTakamoto/Dropbox/YutoProgramming/RandomKCWikiScripts/Scrape Logs/Furniture/Window/Window - 013.png

/Users/YutoTakamoto/Dropbox/YutoProgramming/RandomKCWikiScripts/Scrape Logs/Furniture/Window/Window - 014.png

/Users/YutoTakamoto/Dropbox/YutoProgramming/RandomKCWikiScripts/Scrape Logs/Furniture/Window/Window - 015.png

/Users/YutoTakamoto/Dropbox/YutoProgramming/RandomKCWikiScripts/Scrape Logs/Furniture/Window/Window - 016.png

/Users/YutoTakamoto/Dropbox/YutoProgramming/RandomKCWikiScripts/Scrape Logs/Furniture/Window/Window - 017.png

/Users/YutoTakamoto/Dropbox/YutoProgramming/RandomKCWikiScripts/Scrape Logs/Furniture/Window/Window - 018.png

/Users/YutoTakamoto/Dropbox/YutoProgramming/RandomKCWikiScripts/Scrape Logs/Furniture/Window/Window - 019.png

/Users/YutoTakamoto/Dropbox/YutoProgramming/RandomKCWikiScripts/Scrape Logs/Furniture/Window/Window - 020.png

/Users/YutoTakamoto/Dropbox/YutoProgramming/RandomKCWikiScripts/Scrape Logs/Furniture/Window/Window - 021.png

/Users/YutoTakamoto/Dropbox/YutoProgramming/RandomKCWikiScripts/Scrape Logs/Furniture/Window/Window - 022.png

/Users/YutoTakamoto/Dropbox/YutoProgramming/RandomKCWikiScripts/Scrape Logs/Furniture/Window/Window - 023.png

/Users/YutoTakamoto/Dropbox/YutoProgramming/RandomKCWikiScripts/Scrape Logs/Furniture/Window/Window - 024.png

/Users/YutoTakamoto/Dropbox/YutoProgramming/RandomKCWikiScripts/Scrape Logs/Furniture/Window/Window - 025.png

/Users/YutoTakamoto/Dropbox/YutoProgramming/RandomKCWikiScripts/Scrape Logs/Furniture/Window/Window - 026.png

/Users/YutoTakamoto/Dropbox/YutoProgramming/RandomKCWikiScripts/Scrape Logs/Furniture/Window/Window - 027.png

/Users/YutoTakamoto/Dropbox/YutoProgramming/RandomKCWikiScripts/Scrape Logs/Furniture/Window/Window - 028.png

/Users/YutoTakamoto/Dropbox/YutoProgramming/RandomKCWikiScripts/Scrape Logs/Furniture/Window/Window - 029.png

/Users/YutoTakamoto/Dropbox/YutoProgramming/RandomKCWikiScripts/Scrape Logs/Furniture/Window/Window - 030.png

/Users/YutoTakamoto/Dropbox/YutoProgramming/RandomKCWikiScripts/Scrape Logs/Furniture/Window/Window - 031.png

/Users/YutoTakamoto/Dropbox/YutoProgramming/RandomKCWikiScripts/Scrape Logs/Furniture/Window/Window - 032.png

/Users/YutoTakamoto/Dropbox/YutoProgramming/RandomKCWikiScripts/Scrape Logs/Furniture/Window/Window - 035.png

/Users/YutoTakamoto/Dropbox/YutoProgramming/RandomKCWikiScripts/Scrape Logs/Furniture/Window/Window - 038.png

/Users/YutoTakamoto/Dropbox/YutoProgramming/RandomKCWikiScripts/Scrape Logs/Furniture/Window/Window - 039.png

/Users/YutoTakamoto/Dropbox/YutoProgramming/RandomKCWikiScripts/Scrape Logs/Furniture/Chest/Chest - 001.png

/Users/YutoTakamoto/Dropbox/YutoProgramming/RandomKCWikiScripts/Scrape Logs/Furniture/Chest/Chest - 003.png

/Users/YutoTakamoto/Dropbox/YutoProgramming/RandomKCWikiScripts/Scrape Logs/Furniture/Chest/Chest - 004.png

/Users/YutoTakamoto/Dropbox/YutoProgramming/RandomKCWikiScripts/Scrape Logs/Furniture/Chest/Chest - 005.png

/Users/YutoTakamoto/Dropbox/YutoProgramming/RandomKCWikiScripts/Scrape Logs/Furniture/Chest/Chest - 006.png

/Users/YutoTakamoto/Dropbox/YutoProgramming/RandomKCWikiScripts/Scrape Logs/Furniture/Chest/Chest - 007.png

/Users/YutoTakamoto/Dropbox/YutoProgramming/RandomKCWikiScripts/Scrape Logs/Furniture/Chest/Chest - 008.png

/Users/YutoTakamoto/Dropbox/YutoProgramming/RandomKCWikiScripts/Scrape Logs/Furniture/Chest/Chest - 009.png

/Users/YutoTakamoto/Dropbox/YutoProgramming/RandomKCWikiScripts/Scrape Logs/Furniture/Chest/Chest - 010.png

/Users/YutoTakamoto/Dropbox/YutoProgramming/RandomKCWikiScripts/Scrape Logs/Furniture/Chest/Chest - 011.png

/Users/YutoTakamoto/Dropbox/YutoProgramming/RandomKCWikiScripts/Scrape Logs/Furniture/Chest/Chest - 012.png

/Users/YutoTakamoto/Dropbox/YutoProgramming/RandomKCWikiScripts/Scrape Logs/Furniture/Chest/Chest - 013.png

/Users/YutoTakamoto/Dropbox/YutoProgramming/RandomKCWikiScripts/Scrape Logs/Furniture/Chest/Chest - 014.png

/Users/YutoTakamoto/Dropbox/YutoProgramming/RandomKCWikiScripts/Scrape Logs/Furniture/Chest/Chest - 015.png

/Users/YutoTakamoto/Dropbox/YutoProgramming/RandomKCWikiScripts/Scrape Logs/Furniture/Chest/Chest - 016.png

/Users/YutoTakamoto/Dropbox/YutoProgramming/RandomKCWikiScripts/Scrape Logs/Furniture/Chest/Chest - 017.png

/Users/YutoTakamoto/Dropbox/YutoProgramming/RandomKCWikiScripts/Scrape Logs/Furniture/Chest/Chest - 019.png

/Users/YutoTakamoto/Dropbox/YutoProgramming/RandomKCWikiScripts/Scrape Logs/Furniture/Chest/Chest - 020.png

/Users/YutoTakamoto/Dropbox/YutoProgramming/RandomKCWikiScripts/Scrape Logs/Furniture/Chest/Chest - 022.png

/Users/YutoTakamoto/Dropbox/YutoProgramming/RandomKCWikiScripts/Scrape Logs/Furniture/Chest/Chest - 023.png

/Users/YutoTakamoto/Dropbox/YutoProgramming/RandomKCWikiScripts/Scrape Logs/Furniture/Chest/Chest - 024.png

/Users/YutoTakamoto/Dropbox/YutoProgramming/RandomKCWikiScripts/Scrape Logs/Furniture/Chest/Chest - 025.png

/Users/YutoTakamoto/Dropbox/YutoProgramming/RandomKCWikiScripts/Scrape Logs/Furniture/Chest/Chest - 026.png

/Users/YutoTakamoto/Dropbox/YutoProgramming/RandomKCWikiScripts/Scrape Logs/Furniture/Chest/Chest - 027.png

/Users/YutoTakamoto/Dropbox/YutoProgramming/RandomKCWikiScripts/Scrape Logs/Furniture/Chest/Chest - 028.png

/Users/YutoTakamoto/Dropbox/YutoProgramming/RandomKCWikiScripts/Scrape Logs/Furniture/Chest/Chest - 030.png

/Users/YutoTakamoto/Dropbox/YutoProgramming/RandomKCWikiScripts/Scrape Logs/Furniture/Chest/Chest - 032.png

/Users/YutoTakamoto/Dropbox/YutoProgramming/RandomKCWikiScripts/Scrape Logs/Furniture/Chest/Chest - 033.png

/Users/YutoTakamoto/Dropbox/YutoProgramming/RandomKCWikiScripts/Scrape Logs/Furniture/Chest/Chest - 034.png

/Users/YutoTakamoto/Dropbox/YutoProgramming/RandomKCWikiScripts/Scrape Logs/Furniture/Chest/Chest - 036.png

/Users/YutoTakamoto/Dropbox/YutoProgramming/RandomKCWikiScripts/Scrape Logs/Furniture/Chest/Chest - 037.png

/Users/YutoTakamoto/Dropbox/YutoProgramming/RandomKCWikiScripts/Scrape Logs/Furniture/Chest/Chest - 039.png

/Users/YutoTakamoto/Dropbox/YutoProgramming/RandomKCWikiScripts/Scrape Logs/Furniture/Chest/Chest - 040.png

/Users/YutoTakamoto/Dropbox/YutoProgramming/RandomKCWikiScripts/Scrape Logs/Furniture/Chest/Chest - 041.png

/Users/YutoTakamoto/Dropbox/YutoProgramming/RandomKCWikiScripts/Scrape Logs/Furniture/Desk/Desk - 001.png

/Users/YutoTakamoto/Dropbox/YutoProgramming/RandomKCWikiScripts/Scrape Logs/Furniture/Desk/Desk - 002.png

/Users/YutoTakamoto/Dropbox/YutoProgramming/RandomKCWikiScripts/Scrape Logs/Furniture/Desk/Desk - 003.png

/Users/YutoTakamoto/Dropbox/YutoProgramming/RandomKCWikiScripts/Scrape Logs/Furniture/Desk/Desk - 005.png

/Users/YutoTakamoto/Dropbox/YutoProgramming/RandomKCWikiScripts/Scrape Logs/Furniture/Desk/Desk - 007.png

/Users/YutoTakamoto/Dropbox/YutoProgramming/RandomKCWikiScripts/Scrape Logs/Furniture/Desk/Desk - 009.png

/Users/YutoTakamoto/Dropbox/YutoProgramming/RandomKCWikiScripts/Scrape Logs/Furniture/Desk/Desk - 011.png

/Users/YutoTakamoto/Dropbox/YutoProgramming/RandomKCWikiScripts/Scrape Logs/Furniture/Desk/Desk - 012.png

/Users/YutoTakamoto/Dropbox/YutoProgramming/RandomKCWikiScripts/Scrape Logs/Furniture/Desk/Desk - 013.png

/Users/YutoTakamoto/Dropbox/YutoProgramming/RandomKCWikiScripts/Scrape Logs/Furniture/Desk/Desk - 015.png

/Users/YutoTakamoto/Dropbox/YutoProgramming/RandomKCWikiScripts/Scrape Logs/Furniture/Desk/Desk - 016.png

/Users/YutoTakamoto/Dropbox/YutoProgramming/RandomKCWikiScripts/Scrape Logs/Furniture/Desk/Desk - 017.png

/Users/YutoTakamoto/Dropbox/YutoProgramming/RandomKCWikiScripts/Scrape Logs/Furniture/Desk/Desk - 018.png

/Users/YutoTakamoto/Dropbox/YutoProgramming/RandomKCWikiScripts/Scrape Logs/Furniture/Desk/Desk - 019.png

/Users/YutoTakamoto/Dropbox/YutoProgramming/RandomKCWikiScripts/Scrape Logs/Furniture/Desk/Desk - 020.png

/Users/YutoTakamoto/Dropbox/YutoProgramming/RandomKCWikiScripts/Scrape Logs/Furniture/Desk/Desk - 021.png

/Users/YutoTakamoto/Dropbox/YutoProgramming/RandomKCWikiScripts/Scrape Logs/Furniture/Desk/Desk - 022.png

/Users/YutoTakamoto/Dropbox/YutoProgramming/RandomKCWikiScripts/Scrape Logs/Furniture/Desk/Desk - 023.png

/Users/YutoTakamoto/Dropbox/YutoProgramming/RandomKCWikiScripts/Scrape Logs/Furniture/Desk/Desk - 024.png

/Users/YutoTakamoto/Dropbox/YutoProgramming/RandomKCWikiScripts/Scrape Logs/Furniture/Desk/Desk - 025.png

/Users/YutoTakamoto/Dropbox/YutoProgramming/RandomKCWikiScripts/Scrape Logs/Furniture/Desk/Desk - 026.png

/Users/YutoTakamoto/Dropbox/YutoProgramming/RandomKCWikiScripts/Scrape Logs/Furniture/Desk/Desk - 029.png

