NEW FURNITURES: 
= No new furnitures downloaded!


NEW AUDIO AND/OR SWF'S: 
SWF FOR:--------isiuepygxdzq - 望月
SWF FOR:--------rnmsjjndxlgj - 海風
SWF FOR:--------lpiecumljbyp - 能代
SWF FOR:--------pvomxydmldoi - 睦月改
SWF FOR:--------dyupugfxshtd - 磯風改
SWF FOR:--------ijhrnvnbqkmj - 秋雲改
SWF FOR:--------cispmgxqaedk - 春雨改
SWF FOR:--------litugbpkilsf - 江風改
SWF FOR:--------espxbipsjiyt - 五十鈴改
SWF FOR:--------nguivbnbevwd - 嵐
SWF FOR:--------bpegnatlfibc - 那智改二
SWF FOR:--------rwqqgmxpdwbu - 初風
SWF FOR:--------xyqotgpmnjih - 神通改二
SWF FOR:--------fwptxiocqkyd - 曙
SWF FOR:--------ukwcjqlolezy - 初風改
SWF FOR:--------dyfnguymthbd - 伊168改
SWF FOR:--------sdiauxhgyfkj - 飛鷹
SWF FOR:--------aqpnbsizhjij - 愛宕
SWF FOR:--------grppcbegkphv - 妙高
SWF FOR:--------uuqdlbtrkmvk - 加賀改
SWF FOR:--------fvcfdjvmxlko - 照月
SWF FOR:--------bqvrrfdcuvdr - 電改
SWF FOR:--------zlshfpystoqp - 深雪改
SWF FOR:--------dbtrdgatxdpl - 春雨
SWF FOR:--------hieimxbtcqrt - 夕張
SWF FOR:--------icwowutxbvgh - 霧島
SWF FOR:--------lwlmcwxyvcyz - 如月改
SWF FOR:--------hosmgvuzyjlw - 伊58改
SWF FOR:--------ekuxnovhattm - 翔鶴改二甲
SWF FOR:--------qgrxbhuvtrbf - 瑞鶴改二甲
SWF FOR:--------xljtrrmemnon - 摩耶改二
SWF FOR:--------nehcyhpiviue - 川内
SWF FOR:--------bfsrsnqivpms - 龍鳳
SWF FOR:--------woutqrqtdzqi - 初霜改
SWF FOR:--------xwvykvklvvqk - 長波
SWF FOR:--------dyurkaeenkdh - 山城
SWF FOR:--------hvxoppojkyge - 高波
SWF FOR:--------mbgjkzlvemui - 球磨改
SWF FOR:--------wmzbyvhflrhy - 伊168
SWF FOR:--------epjlpvhwcjvw - 敷波改
SWF FOR:--------ogkwigciybxf - 時雨改二
SWF FOR:--------hmivswfdmdem - 矢矧
SWF FOR:--------cpcycglgelxd - 天津風改
SWF FOR:--------xxbsgzxwjqxh - 萩風
SWF FOR:--------fgyvwqymkekn - 葛城
SWF FOR:--------lvmlqrzbobpe - 鈴谷
SWF FOR:--------qvmfwjitflgw - 皐月
SWF FOR:--------cfqmhviykuup - 日向
SWF FOR:--------scobmrrdbmsw - 明石改
SWF FOR:--------yfpnftpuwkrx - Roma改
SWF FOR:--------tyjrubumfpxy - 五月雨
SWF FOR:--------gykqxdkfpzih - 風雲改
SWF FOR:--------xgoisifuerjd - 雲龍
SWF FOR:--------vqdgxtrgintc - 古鷹改二
SWF FOR:--------pcdygwofwfib - 熊野改
SWF FOR:--------ghgphbvmzjrx - 高雄改
SWF FOR:--------ohpnwjgzfesg - 霞改
SWF FOR:--------dljghewzktat - 時津風
SWF FOR:--------qegrehgswrpg - 野分改
SWF FOR:--------cmpqwemjahur - 阿賀野改
SWF FOR:--------gyckjmemgqoe - 吹雪
SWF FOR:--------tyumrhcigliq - 衣笠
SWF FOR:--------tcqsalkhzurk - 五十鈴
SWF FOR:--------fqbwbmmdcjby - 伊58
SWF FOR:--------tuvoqtqrddem - 伊401改
SWF FOR:--------qvqlfmytkmor - 龍田
SWF FOR:--------uuxoixtoemiv - 阿武隈改
SWF FOR:--------ozjrctjajnpx - 弥生改
SWF FOR:--------vksfcnchqurh - Z3改
SWF FOR:--------rgfuelwdntub - Libeccio改
SWF FOR:--------tubwmcjwtlqx - 秋月改
SWF FOR:--------stvkbeqhwmmj - 嵐改
SWF FOR:--------vswgjojfoqdc - 天龍
SWF FOR:--------ssvrjquubpim - 舞風改
SWF FOR:--------oswtwcbzgbfm - 秋津洲
SWF FOR:--------qngptlxhrwhj - 初霜
SWF FOR:--------ykrokmtrnaqw - 衣笠改二
SWF FOR:--------jdpiljspxgpz - 江風
SWF FOR:--------vrtbgpzuepqx - 酒匂
SWF FOR:--------mxohelwcpocv - 蒼龍改
SWF FOR:--------udkkmzgsimgq - 青葉改
SWF FOR:--------opprvckvhrkv - 足柄
SWF FOR:--------zhixojcwijfj - 川内改
SWF FOR:--------jtyqmhgstese - 香取
SWF FOR:--------wnocckxgfmnh - 曙改
SWF FOR:--------ygqdfllpkbee - 如月改二
SWF FOR:--------ajhdojqfykfu - 摩耶改
SWF FOR:--------sbdfpooechyn - 朧改
SWF FOR:--------nvftqenyroyu - 那智改
SWF FOR:--------iyondwbusgym - 龍驤
SWF FOR:--------debsnofmttkx - 長良
SWF FOR:--------xqjemfzdbjox - 潮
SWF FOR:--------qaryaychpubb - 涼風
SWF FOR:--------cdidanqovcfr - 深雪
SWF FOR:--------djszrxlnhbuv - 海風改
SWF FOR:--------wpaqzeclspdr - 響改
SWF FOR:--------gjtvekieqatn - 卯月
SWF FOR:--------wmskekfmgdio - 時雨改
SWF FOR:--------oxqlrctsmegi - 北上
SWF FOR:--------mlzpthwviwnf - 熊野
SWF FOR:--------wujywbyjntbp - 如月
SWF FOR:--------hmiwrqvijwvv - 伊401
SWF FOR:--------eqgvmdsvjerq - 武蔵改
SWF FOR:--------cdsgjcufyxlz - 朝霜
SWF FOR:--------vcftaofxkvgk - 翔鶴改
SWF FOR:--------xqnkdultpvaf - 白雪
SWF FOR:--------qsnkljxqtrgb - 黒潮改
SWF FOR:--------vopfxipptsrt - 那珂
SWF FOR:--------jprpbvbeillv - 日向改
SWF FOR:--------ilxltdgucgbg - 榛名改二
SWF FOR:--------chmytqkkilrv - 龍田改
SWF FOR:--------nnkmuxqyewyk - 五十鈴改二
SWF FOR:--------fxypdctjnicq - 金剛改
SWF FOR:--------pxogwcltgjkn - 初雪
SWF FOR:--------wnibjvejengh - 呂500
SWF FOR:--------eqpvjbnbjlhy - 高雄
SWF FOR:--------wugwvdccggcp - 金剛改二
SWF FOR:--------oygjwmgvcdyv - 金剛
SWF FOR:--------cjhtlviffiwb - 島風改
SWF FOR:--------yyyfqcpumpxj - 隼鷹改二
SWF FOR:--------eypcwtnjgoyb - 満潮改
SWF FOR:--------kkpwecgmftci - 白雪改
SWF FOR:--------jnvcrrgmtvwl - 弥生
SWF FOR:--------drdaipjrohfl - 大和改
SWF FOR:--------ncijtxixkghu - 神通改
SWF FOR:--------pnpixtolsebg - 夕立
SWF FOR:--------wpsyznjwvlmd - 夕立改
SWF FOR:--------bwgbubdrhvfg - 鳳翔
SWF FOR:--------xjtxwkwwfdze - 朝雲
SWF FOR:--------mslkutojcolj - 龍驤改二
SWF FOR:--------qukusrsftcgy - 霞
SWF FOR:--------fhpgicaysllm - 満潮
SWF FOR:--------mhpalcnpxmgz - 比叡改二
SWF FOR:--------ksvosfducgbe - U-511
SWF FOR:--------sejqtlkfjwkc - 初雪改
SWF FOR:--------gdbwncyaopob - 清霜
SWF FOR:--------gbxvfsrqbyxg - 飛龍改二
SWF FOR:--------ttkeodhvrmog - 千歳甲
SWF FOR:--------kspwuqsyhipy - 霧島改二
SWF FOR:--------nfzmalhtwved - 響
SWF FOR:--------ycgllqsxwdgy - 瑞穂改
SWF FOR:--------exedxncqauws - 浦風改
SWF FOR:--------gcqjowlpkbde - 筑摩
SWF FOR:--------agybvcshxbpm - 千代田甲
SWF FOR:--------svcuufdqcqmy - 大潮
SWF FOR:--------gekgxdsvrliq - 巻雲改
SWF FOR:--------riiwaegupstv - 加古改二
SWF FOR:--------gmnsxwkdssmj - 扶桑改二
SWF FOR:--------wwqmolrsxfvz - 秋津洲改
SWF FOR:--------aqgjvutybsbk - 名取改
SWF FOR:--------kexcbmpnmmwv - 香取改
SWF FOR:--------nrdgjqcgecmg - まるゆ改
SWF FOR:--------tsfbgfyeqxhg - 千代田改
SWF FOR:--------rtkekdbkqrkg - 吹雪改二
SWF FOR:--------hpxsthymxmki - 翔鶴改二
SWF FOR:--------xumujwygrmby - 大鯨
SWF FOR:--------iatmdvvwlngq - 比叡改
SWF FOR:--------lvjcqqulbluo - 那珂改二
SWF FOR:--------wvcpwlwuxwhq - 龍驤改
SWF FOR:--------ethdbrvnuznc - 最上改
SWF FOR:--------ugxgvgtjsxud - 叢雲改二
SWF FOR:--------ilxnmfogntbo - 武蔵
SWF FOR:--------hvnqlrdovfqe - 能代改
SWF FOR:--------nkrmsykdohgo - 子日改
SWF FOR:--------kbdewgsfrkra - 酒匂改
SWF FOR:--------gcbiuhgmgjbm - 敷波
SWF FOR:--------rubtymuqfeuq - 浜風
SWF FOR:--------idhoawqrgkqh - 睦月改二
SWF FOR:--------wkvdcpaogfii - 秋月
SWF FOR:--------bctrxdxrugqp - 磯風
SWF FOR:--------hujriolkmhzy - 陸奥改
SWF FOR:--------olkahitypycq - 磯波改
SWF FOR:--------joaeulumcgbh - まるゆ
SWF FOR:--------xcbmsjqrostq - 白露改
SWF FOR:--------xomrbwrvjwfv - 清霜改
SWF FOR:--------tiqezicxwpry - 綾波改二
SWF FOR:--------svglgiwjfyxn - 時津風改
SWF FOR:--------jdsszkolhitg - 伊19
SWF FOR:--------wlvvcpnulyer - 千歳航
SWF FOR:--------szgthkexanxl - 長門改
SWF FOR:--------ojkgkujsenly - 浜風改
SWF FOR:--------vxkcklmfevkk - 那珂改
SWF FOR:--------nlobofyxzvku - 初春
SWF FOR:--------ltdlvothcqnr - 隼鷹
SWF FOR:--------xoiprnaxqxbj - 初春改二
SWF FOR:--------zrrxemjrtmql - 菊月改
SWF FOR:--------algyyokhbnwz - 不知火改
SWF FOR:--------kynputhclcdl - 明石
SWF FOR:--------eathbqlrqvda - 雷改
SWF FOR:--------ktexichqewel - 瑞鳳
SWF FOR:--------jukighzxmudn - 涼風改
SWF FOR:--------suivtkpjnmpt - 瑞鶴
SWF FOR:--------gonohkjynpmb - 大井改
SWF FOR:--------mnkjkgammeds - 扶桑改
SWF FOR:--------gjyqwffsmfgw - 木曾改
SWF FOR:--------uswetrxvttms - 赤城
SWF FOR:--------lngqiqvigduj - 夕立改二
SWF FOR:--------kclrmkyzpnpc - 時雨
SWF FOR:--------xtqbjysffsvx - 由良改
SWF FOR:--------yyvxfxdusxlx - 三隈改


NEW EQUIPMENTS
No new equipment downloaded
