0
File "Floor - 000.png" doesn't exist on the server!
File "Floor - 001.png" already exists!
File "Floor - 002.png" already exists!
File "Floor - 003.png" already exists!
File "Floor - 004.png" already exists!
File "Floor - 005.png" already exists!
File "Floor - 006.swf" already exists!
File "Floor - 007.png" already exists!
File "Floor - 008.png" doesn't exist on the server!
File "Floor - 008.jpg" doesn't exist on the server!
File "Floor - 008.swf" doesn't exist on the server!
File "Floor - 009.png" already exists!
File "Floor - 010.png" doesn't exist on the server!
File "Floor - 010.jpg" doesn't exist on the server!
File "Floor - 010.swf" doesn't exist on the server!
File "Floor - 011.png" doesn't exist on the server!
File "Floor - 011.jpg" doesn't exist on the server!
File "Floor - 011.swf" doesn't exist on the server!
File "Floor - 012.png" already exists!
File "Floor - 013.png" doesn't exist on the server!
File "Floor - 013.jpg" doesn't exist on the server!
File "Floor - 013.swf" doesn't exist on the server!
File "Floor - 014.png" already exists!
File "Floor - 015.png" doesn't exist on the server!
File "Floor - 015.jpg" doesn't exist on the server!
File "Floor - 015.swf" doesn't exist on the server!
File "Floor - 016.png" doesn't exist on the server!
File "Floor - 016.jpg" doesn't exist on the server!
File "Floor - 016.swf" doesn't exist on the server!
File "Floor - 017.png" already exists!
File "Floor - 018.png" doesn't exist on the server!
File "Floor - 018.jpg" doesn't exist on the server!
File "Floor - 018.swf" doesn't exist on the server!
File "Floor - 019.png" doesn't exist on the server!
File "Floor - 019.jpg" doesn't exist on the server!
File "Floor - 019.swf" doesn't exist on the server!
File "Floor - 020.png" already exists!
File "Floor - 021.png" already exists!
File "Floor - 022.png" already exists!
File "Floor - 023.swf" already exists!
File "Floor - 024.png" already exists!
File "Floor - 025.png" already exists!
File "Floor - 026.png" already exists!
File "Floor - 027.png" doesn't exist on the server!
File "Floor - 027.jpg" doesn't exist on the server!
File "Floor - 027.swf" doesn't exist on the server!
File "Floor - 028.png" doesn't exist on the server!
File "Floor - 028.jpg" doesn't exist on the server!
File "Floor - 028.swf" doesn't exist on the server!
File "Floor - 029.png" doesn't exist on the server!
File "Floor - 030.png" doesn't exist on the server!
File "Floor - 031.png" already exists!
File "Floor - 032.png" doesn't exist on the server!
File "Floor - 033.png" already exists!
File "Floor - 034.png" already exists!
File "Floor - 035.png" already exists!
File "Floor - 036.png" doesn't exist on the server!
File "Floor - 037.png" already exists!
File "Floor - 038.png" already exists!
File "Floor - 039.png" doesn't exist on the server!
File "Floor - 040.png" doesn't exist on the server!
File "Floor - 041.png" doesn't exist on the server!
File "Floor - 042.png" doesn't exist on the server!
File "Floor - 043.png" doesn't exist on the server!
File "Floor - 044.png" doesn't exist on the server!
File "Floor - 045.png" doesn't exist on the server!
File "Floor - 046.png" doesn't exist on the server!
File "Floor - 047.png" doesn't exist on the server!
File "Floor - 048.png" doesn't exist on the server!
File "Floor - 049.png" doesn't exist on the server!
File "Wall - 000.png" doesn't exist on the server!
File "Wall - 001.png" already exists!
File "Wall - 002.png" already exists!
File "Wall - 003.png" already exists!
File "Wall - 004.png" already exists!
File "Wall - 005.png" already exists!
File "Wall - 006.png" doesn't exist on the server!
File "Wall - 006.jpg" doesn't exist on the server!
File "Wall - 006.swf" doesn't exist on the server!
File "Wall - 007.png" already exists!
File "Wall - 008.png" already exists!
File "Wall - 009.png" already exists!
File "Wall - 010.png" already exists!
File "Wall - 011.png" already exists!
File "Wall - 012.png" already exists!
File "Wall - 013.png" already exists!
File "Wall - 014.png" already exists!
File "Wall - 015.png" already exists!
File "Wall - 016.png" already exists!
File "Wall - 017.png" already exists!
File "Wall - 018.png" already exists!
File "Wall - 019.png" already exists!
File "Wall - 020.png" already exists!
File "Wall - 021.png" already exists!
File "Wall - 022.png" already exists!
File "Wall - 023.png" already exists!
File "Wall - 024.png" already exists!
File "Wall - 025.png" doesn't exist on the server!
File "Wall - 025.jpg" doesn't exist on the server!
File "Wall - 025.swf" doesn't exist on the server!
File "Wall - 026.png" already exists!
File "Wall - 027.png" already exists!
File "Wall - 028.png" already exists!
File "Wall - 029.png" doesn't exist on the server!
File "Wall - 030.png" already exists!
File "Wall - 031.png" already exists!
File "Wall - 032.png" already exists!
File "Wall - 033.png" already exists!
File "Wall - 034.png" already exists!
File "Wall - 035.png" already exists!
File "Wall - 036.png" already exists!
File "Wall - 037.png" already exists!
File "Wall - 038.png" already exists!
File "Wall - 039.png" already exists!
File "Wall - 040.png" doesn't exist on the server!
File "Wall - 041.png" doesn't exist on the server!
File "Wall - 042.png" doesn't exist on the server!
File "Wall - 043.png" doesn't exist on the server!
File "Wall - 044.png" doesn't exist on the server!
File "Wall - 045.png" doesn't exist on the server!
File "Wall - 046.png" doesn't exist on the server!
File "Wall - 047.png" doesn't exist on the server!
File "Wall - 048.png" doesn't exist on the server!
File "Wall - 049.png" doesn't exist on the server!
File "Object - 000.png" doesn't exist on the server!
File "Object - 001.png" already exists!
File "Object - 002.png" already exists!
File "Object - 003.png" already exists!
File "Object - 004.png" already exists!
File "Object - 005.png" already exists!
File "Object - 006.png" already exists!
File "Object - 007.png" already exists!
File "Object - 008.png" already exists!
File "Object - 009.png" already exists!
File "Object - 010.png" already exists!
File "Object - 011.png" already exists!
File "Object - 012.png" already exists!
File "Object - 013.png" already exists!
File "Object - 014.png" already exists!
File "Object - 015.png" already exists!
File "Object - 016.png" already exists!
File "Object - 017.png" already exists!
File "Object - 018.png" doesn't exist on the server!
File "Object - 018.jpg" doesn't exist on the server!
File "Object - 018.swf" doesn't exist on the server!
File "Object - 019.png" already exists!
File "Object - 020.png" doesn't exist on the server!
File "Object - 020.jpg" doesn't exist on the server!
