.DS_Store
1 睦月 - snohitatusbk
10 白雪 - xqnkdultpvaf
100 多摩 - jiftwdxqwtin
101 木曾 - veulocbvzaqy
102 千歳 - dkmxevqgbxmr
103 千代田 - cayfwlehtvgj
104 千歳改 - wvkpfygaipjq
105 千代田改 - tsfbgfyeqxhg
106 千歳甲 - ttkeodhvrmog
107 千代田甲 - agybvcshxbpm
108 千歳航 - wlvvcpnulyer
109 千代田航 - rsmzverhwskc
11 深雪 - cdidanqovcfr
110 翔鶴 - pdricqoovxfe
111 瑞鶴 - suivtkpjnmpt
112 瑞鶴改 - ihwgeegenykh
113 鬼怒 - rgribyhrzjjl
114 阿武隈 - sgwumdfgzais
115 夕張 - hieimxbtcqrt
116 瑞鳳 - ktexichqewel
117 瑞鳳改 - xmzltsferzto
118 大井改二 - khtgrpfyurcm
119 北上改二 - cqtlanpwihpj
12 磯波 - ljesxnctkmmf
120 三隈 - oqqerytyeisg
121 三隈改 - yyvxfxdusxlx
122 舞風 - emjpbjscgcvf
123 衣笠 - tyumrhcigliq
124 鈴谷 - lvmlqrzbobpe
125 熊野 - mlzpthwviwnf
126 伊168 - wmzbyvhflrhy
127 伊58 - fqbwbmmdcjby
128 伊8 - zoaptkoerfpv
129 鈴谷改 - oyjqdsswurhl
13 綾波 - icpexclhwthr
130 熊野改 - pcdygwofwfib
131 大和 - liqjxscjkogx
132 秋雲 - khxsxmiuccsf
133 夕雲 - jtfihmyrvmiw
134 巻雲 - piobwloefpcz
135 長波 - xwvykvklvvqk
136 大和改 - drdaipjrohfl
137 阿賀野 - ljzijyhhgrnx
138 能代 - lpiecumljbyp
139 矢矧 - hmivswfdmdem
14 敷波 - gcbiuhgmgjbm
140 酒匂 - vrtbgpzuepqx
141 五十鈴改二 - nnkmuxqyewyk
142 衣笠改二 - ykrokmtrnaqw
143 武蔵 - ilxnmfogntbo
144 夕立改二 - lngqiqvigduj
145 時雨改二 - ogkwigciybxf
146 木曾改二 - gpfqngdreebe
147 Верный - gmqsmiszmftf
148 武蔵改 - eqgvmdsvjerq
149 金剛改二 - wugwvdccggcp
15 曙 - fwptxiocqkyd
150 比叡改二 - mhpalcnpxmgz
151 榛名改二 - ilxltdgucgbg
152 霧島改二 - kspwuqsyhipy
153 大鳳 - ysidnchjxvfc
154 香取 - jtyqmhgstese
155 伊401 - hmiwrqvijwvv
156 大鳳改 - vsnkqdgtcjbs
157 龍驤改二 - mslkutojcolj
158 川内改二 - qpnrcirsvqcr
159 神通改二 - xyqotgpmnjih
16 潮 - xqjemfzdbjox
160 那珂改二 - lvjcqqulbluo
161 あきつ丸 - nvnwjedsdgcl
163 まるゆ - joaeulumcgbh
164 弥生 - jnvcrrgmtvwl
165 卯月 - gjtvekieqatn
166 あきつ丸改 - vxryfhvytcig
167 磯風 - bctrxdxrugqp
168 浦風 - cmupwurocdpn
169 谷風 - gsrzkautnghc
17 陽炎 - nkvvrszimkre
170 浜風 - rubtymuqfeuq
171 Bismarck - ntmjjittqkcj
172 Bismarck改 - frkfpymtydmg
173 Bismarck zwei - etxdlqnvwqtx
174 Z1 - pvhdtbuddjhb
175 Z3 - rxzrrkjqvyqy
176 Prinz Eugen - shcsmfegtxhf
177 Prinz Eugen改 - cmmiahpwdamx
178 Bismarck drei - twvnkvqgyiru
179 Z1 zwei - qgkjswznylty
18 不知火 - louolngpmrwj
180 Z3 zwei - utmejyqmcvbk
181 天津風 - fdpybckruodj
182 明石 - kynputhclcdl
183 大淀 - uockopeurqdf
184 大鯨 - xumujwygrmby
185 龍鳳 - bfsrsnqivpms
186 時津風 - dljghewzktat
187 明石改 - scobmrrdbmsw
188 利根改二 - rjggwwmmppth
189 筑摩改二 - ilnimhfcivpt
19 黒潮 - ihengpjwmfrt
190 初風 - rwqqgmxpdwbu
191 伊19 - jdsszkolhitg
192 那智改二 - bpegnatlfibc
193 足柄改二 - bxbyaifmqdxk
194 羽黒改二 - ecwgnneuzbcv
195 綾波改二 - tiqezicxwpry
196 飛龍改二 - gbxvfsrqbyxg
197 蒼龍改二 - mwlzgwdjlpxx
2 如月 - wujywbyjntbp
20 雪風 - pueufyccujmd
200 阿武隈改二 - qjkjyqhsvcpx
201 吹雪改 - dufziinsornt
202 白雪改 - kkpwecgmftci
203 初雪改 - sejqtlkfjwkc
204 深雪改 - zlshfpystoqp
205 叢雲改 - rmcvsljwdyur
206 磯波改 - olkahitypycq
207 綾波改 - sgpilzypnejy
208 敷波改 - epjlpvhwcjvw
209 金剛改 - fxypdctjnicq
21 長良 - debsnofmttkx
210 比叡改 - iatmdvvwlngq
211 榛名改 - nolhhoujolpc
212 霧島改 - kexwyrcqjxfs
213 天龍改 - wjcrloeyiyxw
214 龍田改 - chmytqkkilrv
215 球磨改 - mbgjkzlvemui
216 多摩改 - cxhxktltjtbg
217 木曾改 - gjyqwffsmfgw
218 長良改 - jmpkkzqwgxtc
219 五十鈴改 - espxbipsjiyt
22 五十鈴 - tcqsalkhzurk
220 由良改 - xtqbjysffsvx
221 名取改 - aqgjvutybsbk
222 川内改 - zhixojcwijfj
223 神通改 - ncijtxixkghu
224 那珂改 - vxkcklmfevkk
225 陽炎改 - ffyychaekjsj
226 不知火改 - algyyokhbnwz
227 黒潮改 - qsnkljxqtrgb
228 雪風改 - avfbkpphumso
229 島風改 - cjhtlviffiwb
23 由良 - shjlydqjdfcl
230 朧改 - sbdfpooechyn
231 曙改 - wnocckxgfmnh
232 漣改 - xfxhmadcxfdq
233 潮改 - dpqjexkcixhw
234 暁改 - slzosqvxjxus
235 響改 - wpaqzeclspdr
236 雷改 - eathbqlrqvda
237 電改 - bqvrrfdcuvdr
238 初春改 - tedevipdbvdr
239 子日改 - nkrmsykdohgo
24 大井 - yomyfjkhndny
240 若葉改 - tkcwrodgemlj
241 初霜改 - woutqrqtdzqi
242 白露改 - xcbmsjqrostq
243 時雨改 - wmskekfmgdio
244 村雨改 - wvnchfzhekfo
245 夕立改 - wpsyznjwvlmd
246 五月雨改 - ofneitwqroxe
247 涼風改 - jukighzxmudn
248 朝潮改 - xbbfxeemifpv
249 大潮改 - ngcxxfxovpmn
25 北上 - oxqlrctsmegi
250 満潮改 - eypcwtnjgoyb
251 荒潮改 - pmjnkqodgjpo
252 霰改 - oxttbkywusfp
253 霞改 - ohpnwjgzfesg
254 睦月改 - pvomxydmldoi
255 如月改 - lwlmcwxyvcyz
256 皐月改 - ttcofyyswaum
257 文月改 - ysgtnamukxoi
258 長月改 - wrxtfahvtyqi
259 菊月改 - zrrxemjrtmql
26 扶桑 - ubntuiyurxwk
260 三日月改 - sxrrihbkdkjl
261 望月改 - aufduiatycow
262 古鷹改 - iolnrzaovbhn
263 加古改 - qsmurjkprhku
264 青葉改 - udkkmzgsimgq
265 妙高改 - fcydxtnwtaon
266 那智改 - nvftqenyroyu
267 足柄改 - bekjyovmrmfd
268 羽黒改 - uilfcyypnbwm
269 高雄改 - ghgphbvmzjrx
27 山城 - dyurkaeenkdh
270 愛宕改 - gbkqnzirjyid
271 摩耶改 - ajhdojqfykfu
272 鳥海改 - nsgytjsjbfdp
273 利根改 - fkatobgcyygb
274 筑摩改 - paqnehcojygu
275 長門改 - szgthkexanxl
276 陸奥改 - hujriolkmhzy
277 赤城改 - gtmwrbaniaud
278 加賀改 - uuqdlbtrkmvk
279 蒼龍改 - mxohelwcpocv
28 皐月 - qvmfwjitflgw
280 飛龍改 - kftqxfempust
281 龍驤改 - wvcpwlwuxwhq
282 祥鳳改 - numjsnomjspr
283 飛鷹改 - yiwwnppitqpf
284 隼鷹改 - pwokyefpmqwi
285 鳳翔改 - xjotoxrgwfrj
286 扶桑改 - mnkjkgammeds
287 山城改 - bnbdxfioqxtt
288 翔鶴改 - vcftaofxkvgk
289 鬼怒改 - ikwmknqjpvkg
29 文月 - pjkwpxniwgge
290 阿武隈改 - uuxoixtoemiv
291 千歳航改 - ufcqfujavyyg
292 千代田航改 - hgitzuyaysvw
293 夕張改 - hfhcjjdyqyzn
294 舞風改 - ssvrjquubpim
295 衣笠改 - qgkmjgfbanxl
296 千歳航改二 - kavryopoywwx
297 千代田航改二 - jhefpwucyxiq
30 菊月 - jatvhskutlck
300 初風改 - ukwcjqlolezy
301 秋雲改 - ijhrnvnbqkmj
302 夕雲改 - bbgkikxppksy
303 巻雲改 - gekgxdsvrliq
304 長波改 - lovstgcfspwr
305 阿賀野改 - cmpqwemjahur
306 能代改 - hvnqlrdovfqe
307 矢矧改 - acajrnrqxplq
308 弥生改 - ozjrctjajnpx
309 卯月改 - xwjlobdutrwv
31 望月 - isiuepygxdzq
310 Z1改 - vbuxfozqoemo
311 Z3改 - vksfcnchqurh
312 浜風改 - ojkgkujsenly
313 谷風改 - jdyqtxzmsyng
314 酒匂改 - kbdewgsfrkra
316 天津風改 - cpcycglgelxd
317 浦風改 - exedxncqauws
318 龍鳳改 - rjtnzguullvo
319 妙高改二 - kadfixosusrf
32 初雪 - pxogwcltgjkn
320 磯風改 - dyupugfxshtd
321 大淀改 - gixbrtnuabge
322 時津風改 - svglgiwjfyxn
323 春雨改 - cispmgxqaedk
324 早霜改 - uvfgjekdjlcw
325 清霜改 - xomrbwrvjwfv
326 初春改二 - xoiprnaxqxbj
327 朝雲改 - vdieczinfgce
328 山雲改 - pyfdxrfqwldn
329 野分改 - qegrehgswrpg
33 叢雲 - hpfcwdqxgyvl
330 秋月改 - tubwmcjwtlqx
331 天城 - gmlbignzjwmq
332 葛城 - fgyvwqymkekn
334 U-511改 - dfrmfmjvschh
34 暁 - mtvkfikepcfr
343 香取改 - kexcbmpnmmwv
344 朝霜改 - jozbiyweyksl
345 高波改 - ydsbnsiogwij
346 照月改 - urpnkwaneqfb
347 Libeccio改 - rgfuelwdntub
348 瑞穂改 - ycgllqsxwdgy
349 風雲改 - gykqxdkfpzih
35 響 - nfzmalhtwved
350 海風改 - djszrxlnhbuv
351 江風改 - litugbpkilsf
352 速吸改 - niuenzxpukjq
353 Graf Zeppelin改 - uljlkucfqqcc
354 嵐改 - stvkbeqhwmmj
355 萩風改 - vbqucvbohcex
356 鹿島改 - grgeljjshnfk
36 雷 - aejfywpsegbv
37 電 - uuilouoffjoj
38 初春 - nlobofyxzvku
39 子日 - zgerairddhko
398 伊168改 - dyfnguymthbd
399 伊58改 - hosmgvuzyjlw
40 若葉 - ihuijkvksqky
400 伊8改 - fggcskrfkpnr
401 伊19改 - jwrlielrnfpr
402 まるゆ改 - nrdgjqcgecmg
403 伊401改 - tuvoqtqrddem
404 雲龍 - xgoisifuerjd
405 春雨 - dbtrdgatxdpl
406 雲龍改 - rqsbaiaqlunp
407 潮改二 - fsgwccpesgfh
408 隼鷹改二 - yyyfqcpumpxj
409 早霜 - kgwxvcnblfjb
41 初霜 - qngptlxhrwhj
410 清霜 - gdbwncyaopob
411 扶桑改二 - gmnsxwkdssmj
412 山城改二 - xjsgvmgfleuu
413 朝雲 - xjtxwkwwfdze
414 山雲 - xthvimkarzgq
415 野分 - skmmrmdljugc
416 古鷹改二 - vqdgxtrgintc
417 加古改二 - riiwaegupstv
419 初霜改二 - ufgydlyjdaxb
42 白露 - ahztpphnuvco
420 叢雲改二 - ugxgvgtjsxud
421 秋月 - wkvdcpaogfii
422 照月 - fvcfdjvmxlko
424 高波 - hvxoppojkyge
425 朝霜 - cdsgjcufyxlz
426 吹雪改二 - rtkekdbkqrkg
427 鳥海改二 - jcrdsdpsjcgj
428 摩耶改二 - xljtrrmemnon
429 天城改 - zgscfjpbxnir
43 時雨 - kclrmkyzpnpc
430 葛城改 - bohmlbbvqtfs
431 U-511 - ksvosfducgbe
432 Graf Zeppelin - tepoqqczfonx
434 睦月改二 - idhoawqrgkqh
435 如月改二 - ygqdfllpkbee
436 呂500 - wnibjvejengh
437 暁改二 - gzerqivthcrd
44 村雨 - fhaelooubkbi
441 Littorio - hkhkiqkleprp
442 Roma - gyywcqqfnjkc
443 Libeccio - nsutzbtifaji
445 秋津洲 - oswtwcbzgbfm
446 Italia - feyfhhruhjse
447 Roma改 - yfpnftpuwkrx
45 夕立 - pnpixtolsebg
450 秋津洲改 - wwqmolrsxfvz
451 瑞穂 - zqwwomufsbpq
453 風雲 - xooelfidumnp
454 嵐 - nguivbnbevwd
455 萩風 - xxbsgzxwjqxh
458 海風 - rnmsjjndxlgj
459 江風 - jdpiljspxgpz
46 五月雨 - tyjrubumfpxy
460 速吸 - ajggcaaaocgh
461 翔鶴改二 - hpxsthymxmki
462 瑞鶴改二 - giytrybpknos
465 鹿島 - nwiyrjfnqvux
466 翔鶴改二甲 - ekuxnovhattm
467 瑞鶴改二甲 - qgrxbhuvtrbf
47 涼風 - qaryaychpubb
48 霰 - oiknslickotp
49 霞 - qukusrsftcgy
50 島風 - uffgxggsrtti
51 天龍 - vswgjojfoqdc
52 龍田 - qvqlfmytkmor
53 名取 - bqwjdltjktls
539 泊地棲鬼 - cyfiwlhsgdji
54 川内 - nehcyhpiviue
540 泊地棲姫 - vewvgeiqybub
546 南方棲鬼 - jcgarujexcrf
547 南方棲戦鬼 - jmlbqlrnajyq
548 南方棲戦姫 - vooogzpoblwf
55 神通 - icmlpbiditqy
551 護衛要塞 - nmwnyjyfezro
556 飛行場姫 - qtygozpoceew
557 戦艦棲姫 - glghkfswtxet
56 那珂 - vopfxipptsrt
57 大井改 - gonohkjynpmb
573 港湾棲姫 - mvqfkxbebqob
574 離島棲鬼 - ihfrerqprpro
58 北上改 - jdqefjcpslli
584 中間棲姫 - fcaeosgyrckf
585 空母棲鬼 - kvllndxefqyr
586 空母棲姫 - eoaivzseqtwo
59 古鷹 - sfbwblstvfmw
590 北方棲姫 - xsjvtttdqhwy
592 軽巡ツ級 - ypbbvxgczbph
6 長月 - kksiqffpclxh
60 加古 - vkmjguonqcsg
61 青葉 - bhyiqjjifflp
62 妙高 - grppcbegkphv
63 那智 - wnkageqzigwd
64 足柄 - opprvckvhrkv
65 羽黒 - lvfswfzywnql
66 高雄 - eqpvjbnbjlhy
67 愛宕 - aqpnbsizhjij
68 摩耶 - gpshoozxgutk
69 鳥海 - qmmdyeprdqsu
7 三日月 - ujhxqqlcorxv
70 最上 - lcmobkdeizph
71 利根 - kmcllyhenjnk
72 筑摩 - gcqjowlpkbde
73 最上改 - ethdbrvnuznc
74 祥鳳 - qihrkkfwekpo
75 飛鷹 - sdiauxhgyfkj
76 龍驤 - iyondwbusgym
77 伊勢 - skgpomqtcedb
78 金剛 - oygjwmgvcdyv
79 榛名 - vzgrqylbwegp
80 長門 - jnxoytktolbb
81 陸奥 - jkjqeleyhbus
82 伊勢改 - guwzhmxxnwol
83 赤城 - uswetrxvttms
84 加賀 - oeimwwkynzlt
85 霧島 - icwowutxbvgh
86 比叡 - bxzhnjffdppv
87 日向 - cfqmhviykuup
88 日向改 - jprpbvbeillv
89 鳳翔 - bwgbubdrhvfg
9 吹雪 - gyckjmemgqoe
90 蒼龍 - nppdykjbwmkx
91 飛龍 - gobumojesgfi
92 隼鷹 - ltdlvothcqnr
93 朧 - jqexjuembtvh
94 漣 - lnarycubyzrr
95 朝潮 - eeyrwdehbixg
96 大潮 - svcuufdqcqmy
97 満潮 - fhpgicaysllm
98 荒潮 - vksjkggcuvik
99 球磨 - zrmviexnupjy
