NEW AUDIO AND/OR SWF'S: 
SWF FOR:--------nwiyrjfnqvuz - 鹿島
SHIP GIRL LINE:-1 Intro 鹿島
SHIP GIRL LINE:-2 Secretary 1 鹿島
SHIP GIRL LINE:-3 Secretary 2 鹿島
SHIP GIRL LINE:-4 Secretary 3 鹿島
SHIP GIRL LINE:-5 Ship Construction 鹿島
SHIP GIRL LINE:-7 Return From Sortie 鹿島
SHIP GIRL LINE:-8 Player Score 鹿島
SHIP GIRL LINE:-9 Equipment 1 鹿島
SHIP GIRL LINE:-10 Equipment 2 鹿島
SHIP GIRL LINE:-11 Repair Light Damage 鹿島
SHIP GIRL LINE:-12 Repair Medium Damage 鹿島
SHIP GIRL LINE:-13 Joining A Fleet 鹿島
SHIP GIRL LINE:-14 Start Sortie 鹿島
SHIP GIRL LINE:-15 Battle Start 鹿島
SHIP GIRL LINE:-16 Attack 鹿島
SHIP GIRL LINE:-17 Night Attack 鹿島
SHIP GIRL LINE:-18 Night Battle 鹿島
SHIP GIRL LINE:-19 Minor Damage 1 鹿島
SHIP GIRL LINE:-20 Minor Damage 2 鹿島
SHIP GIRL LINE:-21 Moderately Damaged 鹿島
SHIP GIRL LINE:-22 Sunk 鹿島
SHIP GIRL LINE:-23 MVP 鹿島
SHIP GIRL LINE:-24 Wedding 鹿島
SHIP GIRL LINE:-25 Library Intro 鹿島
SHIP GIRL LINE:-26 Equipment 3 鹿島
SHIP GIRL LINE:-27 Supply 鹿島
SHIP GIRL LINE:-28 Secretary Married 鹿島
SHIP GIRL LINE:-29 Secretary Idle 鹿島
SWF FOR:--------grgeljjshnfz - 鹿島改
SHIP GIRL LINE:-1 Intro 鹿島改
SHIP GIRL LINE:-2 Secretary 1 鹿島改
SHIP GIRL LINE:-3 Secretary 2 鹿島改
SHIP GIRL LINE:-4 Secretary 3 鹿島改
SHIP GIRL LINE:-5 Ship Construction 鹿島改
SHIP GIRL LINE:-7 Return From Sortie 鹿島改
SHIP GIRL LINE:-8 Player Score 鹿島改
SHIP GIRL LINE:-9 Equipment 1 鹿島改
SHIP GIRL LINE:-10 Equipment 2 鹿島改
SHIP GIRL LINE:-11 Repair Light Damage 鹿島改
SHIP GIRL LINE:-12 Repair Medium Damage 鹿島改
SHIP GIRL LINE:-13 Joining A Fleet 鹿島改
SHIP GIRL LINE:-14 Start Sortie 鹿島改
SHIP GIRL LINE:-15 Battle Start 鹿島改
SHIP GIRL LINE:-16 Attack 鹿島改
SHIP GIRL LINE:-17 Night Attack 鹿島改
SHIP GIRL LINE:-18 Night Battle 鹿島改
SHIP GIRL LINE:-19 Minor Damage 1 鹿島改
SHIP GIRL LINE:-20 Minor Damage 2 鹿島改
SHIP GIRL LINE:-21 Moderately Damaged 鹿島改
SHIP GIRL LINE:-22 Sunk 鹿島改
SHIP GIRL LINE:-23 MVP 鹿島改
SHIP GIRL LINE:-24 Wedding 鹿島改
SHIP GIRL LINE:-25 Library Intro 鹿島改
SHIP GIRL LINE:-26 Equipment 3 鹿島改
SHIP GIRL LINE:-27 Supply 鹿島改
SHIP GIRL LINE:-28 Secretary Married 鹿島改
SHIP GIRL LINE:-29 Secretary Idle 鹿島改
SHIP GIRL LINE:-30 Hourly 0000 鹿島改
SHIP GIRL LINE:-31 Hourly 0100 鹿島改
SHIP GIRL LINE:-32 Hourly 0200 鹿島改
SHIP GIRL LINE:-33 Hourly 0300 鹿島改
SHIP GIRL LINE:-34 Hourly 0400 鹿島改
SHIP GIRL LINE:-35 Hourly 0500 鹿島改
SHIP GIRL LINE:-36 Hourly 0600 鹿島改
SHIP GIRL LINE:-37 Hourly 0700 鹿島改
SHIP GIRL LINE:-38 Hourly 0800 鹿島改
SHIP GIRL LINE:-39 Hourly 0900 鹿島改
SHIP GIRL LINE:-40 Hourly 1000 鹿島改
SHIP GIRL LINE:-41 Hourly 1100 鹿島改
SHIP GIRL LINE:-42 Hourly 1200 鹿島改
SHIP GIRL LINE:-43 Hourly 1300 鹿島改
SHIP GIRL LINE:-44 Hourly 1400 鹿島改
SHIP GIRL LINE:-45 Hourly 1500 鹿島改
SHIP GIRL LINE:-46 Hourly 1600 鹿島改
SHIP GIRL LINE:-47 Hourly 1700 鹿島改
SHIP GIRL LINE:-48 Hourly 1800 鹿島改
SHIP GIRL LINE:-49 Hourly 1900 鹿島改
SHIP GIRL LINE:-50 Hourly 2000 鹿島改
SHIP GIRL LINE:-51 Hourly 2100 鹿島改
SHIP GIRL LINE:-52 Hourly 2200 鹿島改
SHIP GIRL LINE:-53 Hourly 2300 鹿島改


