SHIP GIRL LINE:-4 Secretary 3 kisaragi
SHIP GIRL LINE:-2 Secretary 1 nagatsuki
SHIP GIRL LINE:-3 Secretary 2 nagatsuki
SHIP GIRL LINE:-4 Secretary 3 nagatsuki
SHIP GIRL LINE:-2 Secretary 1 mikazuki
SHIP GIRL LINE:-3 Secretary 2 mikazuki
SHIP GIRL LINE:-4 Secretary 3 mikazuki
SHIP GIRL LINE:-2 Secretary 1 fubuki
SHIP GIRL LINE:-3 Secretary 2 fubuki
SHIP GIRL LINE:-4 Secretary 3 fubuki
SHIP GIRL LINE:-2 Secretary 1 shirayuki
SHIP GIRL LINE:-3 Secretary 2 shirayuki
SHIP GIRL LINE:-4 Secretary 3 shirayuki
SHIP GIRL LINE:-2 Secretary 1 miyuki
SHIP GIRL LINE:-3 Secretary 2 miyuki
SHIP GIRL LINE:-4 Secretary 3 miyuki
SHIP GIRL LINE:-2 Secretary 1 isonami
SHIP GIRL LINE:-3 Secretary 2 isonami
SHIP GIRL LINE:-4 Secretary 3 isonami
SHIP GIRL LINE:-2 Secretary 1 ayanami
SHIP GIRL LINE:-3 Secretary 2 ayanami
SHIP GIRL LINE:-4 Secretary 3 ayanami
SHIP GIRL LINE:-2 Secretary 1 shikinami
SHIP GIRL LINE:-3 Secretary 2 shikinami
SHIP GIRL LINE:-4 Secretary 3 shikinami
