SHIP GIRL LINE:-2 Secretary 1 Kashima
SHIP GIRL LINE:-3 Secretary 2 Kashima
SHIP GIRL LINE:-4 Secretary 3 Kashima
SHIP GIRL LINE:-2 Secretary 1 Agano
SHIP GIRL LINE:-3 Secretary 2 Agano
SHIP GIRL LINE:-4 Secretary 3 Agano
SHIP GIRL LINE:-2 Secretary 1 Noshiro
SHIP GIRL LINE:-3 Secretary 2 Noshiro
SHIP GIRL LINE:-4 Secretary 3 Noshiro
SHIP GIRL LINE:-2 Secretary 1 Sakawa
SHIP GIRL LINE:-3 Secretary 2 Sakawa
SHIP GIRL LINE:-4 Secretary 3 Sakawa
SHIP GIRL LINE:-2 Secretary 1 Yahagi
SHIP GIRL LINE:-3 Secretary 2 Yahagi
SHIP GIRL LINE:-4 Secretary 3 Yahagi
SHIP GIRL LINE:-2 Secretary 1 Yura
SHIP GIRL LINE:-3 Secretary 2 Yura
SHIP GIRL LINE:-4 Secretary 3 Yura
SHIP GIRL LINE:-2 Secretary 1 Maya
SHIP GIRL LINE:-3 Secretary 2 Maya
SHIP GIRL LINE:-4 Secretary 3 Maya
SHIP GIRL LINE:-2 Secretary 1 Yuudachi
SHIP GIRL LINE:-3 Secretary 2 Yuudachi
SHIP GIRL LINE:-4 Secretary 3 Yuudachi
SHIP GIRL LINE:-2 Secretary 1 Asashimo
SHIP GIRL LINE:-3 Secretary 2 Asashimo
SHIP GIRL LINE:-4 Secretary 3 Asashimo
