SHIP GIRL LINE:-1 Intro mutsuki
SHIP GIRL LINE:-2 Secretary 1 mutsuki
SHIP GIRL LINE:-3 Secretary 2 mutsuki
SHIP GIRL LINE:-4 Secretary 3 mutsuki
SHIP GIRL LINE:-5 Ship Construction mutsuki
SHIP GIRL LINE:-6 Repair Complete mutsuki
SHIP GIRL LINE:-7 Return From Sortie mutsuki
SHIP GIRL LINE:-8 Player Score mutsuki
SHIP GIRL LINE:-9 Equipment 1 mutsuki
SHIP GIRL LINE:-10 Equipment 2 mutsuki
SHIP GIRL LINE:-11 Repair Light Damage mutsuki
SHIP GIRL LINE:-12 Repair Medium Damage mutsuki
SHIP GIRL LINE:-13 Joining A Fleet mutsuki
SHIP GIRL LINE:-14 Start Sortie mutsuki
SHIP GIRL LINE:-15 Battle Start mutsuki
SHIP GIRL LINE:-16 Attack mutsuki
SHIP GIRL LINE:-17 Night Attack mutsuki
SHIP GIRL LINE:-18 Night Battle mutsuki
SHIP GIRL LINE:-19 Minor Damage 1 mutsuki
SHIP GIRL LINE:-20 Minor Damage 2 mutsuki
SHIP GIRL LINE:-21 Moderately Damaged mutsuki
SHIP GIRL LINE:-22 Sunk mutsuki
SHIP GIRL LINE:-23 MVP mutsuki
SHIP GIRL LINE:-24 Wedding mutsuki
SHIP GIRL LINE:-25 Library Intro mutsuki
SHIP GIRL LINE:-26 Equipment 3 mutsuki
SHIP GIRL LINE:-27 Supply mutsuki
SHIP GIRL LINE:-28 Secretary Married mutsuki
SHIP GIRL LINE:-1 Intro kisaragi
SHIP GIRL LINE:-2 Secretary 1 kisaragi
SHIP GIRL LINE:-3 Secretary 2 kisaragi
