A file by the path /Users/YutoTakamoto/Desktop/Kancolle Scrape Data/Sounds/1 mutsuki - snohitatusbk/2 Secretary 1 mutsuki.mp3 already exists!
A file by the path /Users/YutoTakamoto/Desktop/Kancolle Scrape Data/Sounds/1 mutsuki - snohitatusbk/3 Secretary 2 mutsuki.mp3 already exists!
A file by the path /Users/YutoTakamoto/Desktop/Kancolle Scrape Data/Sounds/1 mutsuki - snohitatusbk/4 Secretary 3 mutsuki.mp3 already exists!
A file by the path /Users/YutoTakamoto/Desktop/Kancolle Scrape Data/Sounds/2 kisaragi - wujywbyjntbp/2 Secretary 1 kisaragi.mp3 already exists!
A file by the path /Users/YutoTakamoto/Desktop/Kancolle Scrape Data/Sounds/2 kisaragi - wujywbyjntbp/3 Secretary 2 kisaragi.mp3 already exists!
File exists and not checking fileDiffs! obf: wujywbyjntbp en: kisaragi jp: 如月 id: 2 sortno: 32
====Secretary 3
Scrape for 4 Secretary 3 kisaragi complete.
File exists and not checking fileDiffs! obf: kksiqffpclxh en: nagatsuki jp: 長月 id: 6 sortno: 35
====Secretary 1
Scrape for 2 Secretary 1 nagatsuki complete.
File exists and not checking fileDiffs! obf: kksiqffpclxh en: nagatsuki jp: 長月 id: 6 sortno: 35
====Secretary 2
Scrape for 3 Secretary 2 nagatsuki complete.
File exists and not checking fileDiffs! obf: kksiqffpclxh en: nagatsuki jp: 長月 id: 6 sortno: 35
====Secretary 3
Scrape for 4 Secretary 3 nagatsuki complete.
File exists and not checking fileDiffs! obf: ujhxqqlcorxv en: mikazuki jp: 三日月 id: 7 sortno: 37
====Secretary 1
Scrape for 2 Secretary 1 mikazuki complete.
File exists and not checking fileDiffs! obf: ujhxqqlcorxv en: mikazuki jp: 三日月 id: 7 sortno: 37
====Secretary 2
Scrape for 3 Secretary 2 mikazuki complete.
File exists and not checking fileDiffs! obf: ujhxqqlcorxv en: mikazuki jp: 三日月 id: 7 sortno: 37
====Secretary 3
Scrape for 4 Secretary 3 mikazuki complete.
File exists and not checking fileDiffs! obf: gyckjmemgqoe en: fubuki jp: 吹雪 id: 9 sortno: 11
====Secretary 1
Scrape for 2 Secretary 1 fubuki complete.
File exists and not checking fileDiffs! obf: gyckjmemgqoe en: fubuki jp: 吹雪 id: 9 sortno: 11
====Secretary 2
Scrape for 3 Secretary 2 fubuki complete.
File exists and not checking fileDiffs! obf: gyckjmemgqoe en: fubuki jp: 吹雪 id: 9 sortno: 11
====Secretary 3
Scrape for 4 Secretary 3 fubuki complete.
File exists and not checking fileDiffs! obf: xqnkdultpvaf en: shirayuki jp: 白雪 id: 10 sortno: 12
====Secretary 1
Scrape for 2 Secretary 1 shirayuki complete.
File exists and not checking fileDiffs! obf: xqnkdultpvaf en: shirayuki jp: 白雪 id: 10 sortno: 12
====Secretary 2
Scrape for 3 Secretary 2 shirayuki complete.
File exists and not checking fileDiffs! obf: xqnkdultpvaf en: shirayuki jp: 白雪 id: 10 sortno: 12
====Secretary 3
Scrape for 4 Secretary 3 shirayuki complete.
File exists and not checking fileDiffs! obf: cdidanqovcfr en: miyuki jp: 深雪 id: 11 sortno: 14
====Secretary 1
Scrape for 2 Secretary 1 miyuki complete.
File exists and not checking fileDiffs! obf: cdidanqovcfr en: miyuki jp: 深雪 id: 11 sortno: 14
====Secretary 2
Scrape for 3 Secretary 2 miyuki complete.
File exists and not checking fileDiffs! obf: cdidanqovcfr en: miyuki jp: 深雪 id: 11 sortno: 14
====Secretary 3
Scrape for 4 Secretary 3 miyuki complete.
File exists and not checking fileDiffs! obf: ljesxnctkmmf en: isonami jp: 磯波 id: 12 sortno: 16
====Secretary 1
Scrape for 2 Secretary 1 isonami complete.
File exists and not checking fileDiffs! obf: ljesxnctkmmf en: isonami jp: 磯波 id: 12 sortno: 16
====Secretary 2
Scrape for 3 Secretary 2 isonami complete.
File exists and not checking fileDiffs! obf: ljesxnctkmmf en: isonami jp: 磯波 id: 12 sortno: 16
====Secretary 3
Scrape for 4 Secretary 3 isonami complete.
File exists and not checking fileDiffs! obf: icpexclhwthr en: ayanami jp: 綾波 id: 13 sortno: 17
====Secretary 1
Scrape for 2 Secretary 1 ayanami complete.
File exists and not checking fileDiffs! obf: icpexclhwthr en: ayanami jp: 綾波 id: 13 sortno: 17
====Secretary 2
Scrape for 3 Secretary 2 ayanami complete.
File exists and not checking fileDiffs! obf: icpexclhwthr en: ayanami jp: 綾波 id: 13 sortno: 17
====Secretary 3
Scrape for 4 Secretary 3 ayanami complete.
File exists and not checking fileDiffs! obf: gcbiuhgmgjbm en: shikinami jp: 敷波 id: 14 sortno: 18
====Secretary 1
Scrape for 2 Secretary 1 shikinami complete.
File exists and not checking fileDiffs! obf: gcbiuhgmgjbm en: shikinami jp: 敷波 id: 14 sortno: 18
====Secretary 2
Scrape for 3 Secretary 2 shikinami complete.
File exists and not checking fileDiffs! obf: gcbiuhgmgjbm en: shikinami jp: 敷波 id: 14 sortno: 18
====Secretary 3
Scrape for 4 Secretary 3 shikinami complete.
File exists and not checking fileDiffs! obf: fwptxiocqkyd en: akebono jp: 曙 id: 15 sortno: 68
====Secretary 1
