Scrape for 2 Secretary 1 Kashima complete.
Scrape for 3 Secretary 2 Kashima complete.
Scrape for 4 Secretary 3 Kashima complete.
Scrape for 2 Secretary 1 Agano complete.
Scrape for 3 Secretary 2 Agano complete.
Scrape for 4 Secretary 3 Agano complete.
Scrape for 2 Secretary 1 Noshiro complete.
Scrape for 3 Secretary 2 Noshiro complete.
Scrape for 4 Secretary 3 Noshiro complete.
Scrape for 2 Secretary 1 Sakawa complete.
Scrape for 3 Secretary 2 Sakawa complete.
Scrape for 4 Secretary 3 Sakawa complete.
Scrape for 2 Secretary 1 Yahagi complete.
Scrape for 3 Secretary 2 Yahagi complete.
Scrape for 4 Secretary 3 Yahagi complete.
Scrape for 2 Secretary 1 Yura complete.
Scrape for 3 Secretary 2 Yura complete.
Scrape for 4 Secretary 3 Yura complete.
Scrape for 2 Secretary 1 Maya complete.
Scrape for 3 Secretary 2 Maya complete.
Scrape for 4 Secretary 3 Maya complete.
Scrape for 2 Secretary 1 Yuudachi complete.
Scrape for 3 Secretary 2 Yuudachi complete.
Scrape for 4 Secretary 3 Yuudachi complete.
Scrape for 2 Secretary 1 Asashimo complete.
Scrape for 3 Secretary 2 Asashimo complete.
Scrape for 4 Secretary 3 Asashimo complete.
