File exists and not checking fileDiffs! obf: snohitatusbk en: mutsuki jp: 睦月 id: 1 sortno: 31
====Intro
Scrape for 1 Intro mutsuki complete.
File exists and not checking fileDiffs! obf: snohitatusbk en: mutsuki jp: 睦月 id: 1 sortno: 31
====Secretary 1
Scrape for 2 Secretary 1 mutsuki complete.
File exists and not checking fileDiffs! obf: snohitatusbk en: mutsuki jp: 睦月 id: 1 sortno: 31
====Secretary 2
Scrape for 3 Secretary 2 mutsuki complete.
File exists and not checking fileDiffs! obf: snohitatusbk en: mutsuki jp: 睦月 id: 1 sortno: 31
====Secretary 3
Scrape for 4 Secretary 3 mutsuki complete.
File exists and not checking fileDiffs! obf: snohitatusbk en: mutsuki jp: 睦月 id: 1 sortno: 31
====Ship Construction
Scrape for 5 Ship Construction mutsuki complete.
File exists and not checking fileDiffs! obf: snohitatusbk en: mutsuki jp: 睦月 id: 1 sortno: 31
====Repair Complete
Scrape for 6 Repair Complete mutsuki complete.
File exists and not checking fileDiffs! obf: snohitatusbk en: mutsuki jp: 睦月 id: 1 sortno: 31
====Return From Sortie
Scrape for 7 Return From Sortie mutsuki complete.
File exists and not checking fileDiffs! obf: snohitatusbk en: mutsuki jp: 睦月 id: 1 sortno: 31
====Player Score
Scrape for 8 Player Score mutsuki complete.
File exists and not checking fileDiffs! obf: snohitatusbk en: mutsuki jp: 睦月 id: 1 sortno: 31
====Equipment 1
Scrape for 9 Equipment 1 mutsuki complete.
File exists and not checking fileDiffs! obf: snohitatusbk en: mutsuki jp: 睦月 id: 1 sortno: 31
====Equipment 2
Scrape for 10 Equipment 2 mutsuki complete.
File exists and not checking fileDiffs! obf: snohitatusbk en: mutsuki jp: 睦月 id: 1 sortno: 31
====Repair Light Damage
Scrape for 11 Repair Light Damage mutsuki complete.
File exists and not checking fileDiffs! obf: snohitatusbk en: mutsuki jp: 睦月 id: 1 sortno: 31
====Repair Medium Damage
Scrape for 12 Repair Medium Damage mutsuki complete.
File exists and not checking fileDiffs! obf: snohitatusbk en: mutsuki jp: 睦月 id: 1 sortno: 31
====Joining A Fleet
Scrape for 13 Joining A Fleet mutsuki complete.
File exists and not checking fileDiffs! obf: snohitatusbk en: mutsuki jp: 睦月 id: 1 sortno: 31
====Start Sortie
Scrape for 14 Start Sortie mutsuki complete.
File exists and not checking fileDiffs! obf: snohitatusbk en: mutsuki jp: 睦月 id: 1 sortno: 31
====Battle Start
Scrape for 15 Battle Start mutsuki complete.
File exists and not checking fileDiffs! obf: snohitatusbk en: mutsuki jp: 睦月 id: 1 sortno: 31
====Attack
Scrape for 16 Attack mutsuki complete.
File exists and not checking fileDiffs! obf: snohitatusbk en: mutsuki jp: 睦月 id: 1 sortno: 31
====Night Attack
Scrape for 17 Night Attack mutsuki complete.
File exists and not checking fileDiffs! obf: snohitatusbk en: mutsuki jp: 睦月 id: 1 sortno: 31
====Night Battle
Scrape for 18 Night Battle mutsuki complete.
File exists and not checking fileDiffs! obf: snohitatusbk en: mutsuki jp: 睦月 id: 1 sortno: 31
====Minor Damage 1
Scrape for 19 Minor Damage 1 mutsuki complete.
File exists and not checking fileDiffs! obf: snohitatusbk en: mutsuki jp: 睦月 id: 1 sortno: 31
====Minor Damage 2
Scrape for 20 Minor Damage 2 mutsuki complete.
File exists and not checking fileDiffs! obf: snohitatusbk en: mutsuki jp: 睦月 id: 1 sortno: 31
====Moderately Damaged
Scrape for 21 Moderately Damaged mutsuki complete.
File exists and not checking fileDiffs! obf: snohitatusbk en: mutsuki jp: 睦月 id: 1 sortno: 31
====Sunk
Scrape for 22 Sunk mutsuki complete.
File exists and not checking fileDiffs! obf: snohitatusbk en: mutsuki jp: 睦月 id: 1 sortno: 31
====MVP
Scrape for 23 MVP mutsuki complete.
File exists and not checking fileDiffs! obf: snohitatusbk en: mutsuki jp: 睦月 id: 1 sortno: 31
====Wedding
Scrape for 24 Wedding mutsuki complete.
File exists and not checking fileDiffs! obf: snohitatusbk en: mutsuki jp: 睦月 id: 1 sortno: 31
====Library Intro
Scrape for 25 Library Intro mutsuki complete.
File exists and not checking fileDiffs! obf: snohitatusbk en: mutsuki jp: 睦月 id: 1 sortno: 31
====Equipment 3
Scrape for 26 Equipment 3 mutsuki complete.
File exists and not checking fileDiffs! obf: snohitatusbk en: mutsuki jp: 睦月 id: 1 sortno: 31
====Supply
Scrape for 27 Supply mutsuki complete.
File exists and not checking fileDiffs! obf: snohitatusbk en: mutsuki jp: 睦月 id: 1 sortno: 31
====Secretary Married
Scrape for 28 Secretary Married mutsuki complete.
File exists and not checking fileDiffs! obf: snohitatusbk en: mutsuki jp: 睦月 id: 1 sortno: 31
====Secretary Idle
++++++++http://125.6.187.253/kcs/sound/kcsnohitatusbk/29.mp3
['http://125.6.187.253/kcs/sound/kc', 'snohitatusbk', '/', '29', '.mp3']
{'date': 'Wed, 23 Dec 2015 17:37:45 GMT', 'content-length': '229', 'content-type': 'text/html; charset=iso-8859-1', 'connection': 'close', 'server': 'Apache'}
<Response [404]>
Invalid content-type, likely a file that doesn't exist!
File exists and not checking fileDiffs! obf: wujywbyjntbp en: kisaragi jp: 如月 id: 2 sortno: 32
====Intro
Scrape for 1 Intro kisaragi complete.
File exists and not checking fileDiffs! obf: wujywbyjntbp en: kisaragi jp: 如月 id: 2 sortno: 32
====Secretary 1
Scrape for 2 Secretary 1 kisaragi complete.
File exists and not checking fileDiffs! obf: wujywbyjntbp en: kisaragi jp: 如月 id: 2 sortno: 32
====Secretary 2
Scrape for 3 Secretary 2 kisaragi complete.
File exists and not checking fileDiffs! obf: wujywbyjntbp en: kisaragi jp: 如月 id: 2 sortno: 32
====Secretary 3
