A file by the path /Users/YutoTakamoto/Desktop/Kancolle Scrape Data/Sounds/1 mutsuki - snohitatusbk/2 Secretary 1 mutsuki.mp3 already exists!
A file by the path /Users/YutoTakamoto/Desktop/Kancolle Scrape Data/Sounds/1 mutsuki - snohitatusbk/3 Secretary 2 mutsuki.mp3 already exists!
A file by the path /Users/YutoTakamoto/Desktop/Kancolle Scrape Data/Sounds/1 mutsuki - snohitatusbk/4 Secretary 3 mutsuki.mp3 already exists!
A file by the path /Users/YutoTakamoto/Desktop/Kancolle Scrape Data/Sounds/2 kisaragi - wujywbyjntbp/2 Secretary 1 kisaragi.mp3 already exists!
A file by the path /Users/YutoTakamoto/Desktop/Kancolle Scrape Data/Sounds/2 kisaragi - wujywbyjntbp/3 Secretary 2 kisaragi.mp3 already exists!
A file by the path /Users/YutoTakamoto/Desktop/Kancolle Scrape Data/Sounds/2 kisaragi - wujywbyjntbp/4 Secretary 3 kisaragi.mp3 already exists!
A file by the path /Users/YutoTakamoto/Desktop/Kancolle Scrape Data/Sounds/6 nagatsuki - kksiqffpclxh/2 Secretary 1 nagatsuki.mp3 already exists!
A file by the path /Users/YutoTakamoto/Desktop/Kancolle Scrape Data/Sounds/6 nagatsuki - kksiqffpclxh/3 Secretary 2 nagatsuki.mp3 already exists!
A file by the path /Users/YutoTakamoto/Desktop/Kancolle Scrape Data/Sounds/6 nagatsuki - kksiqffpclxh/4 Secretary 3 nagatsuki.mp3 already exists!
A file by the path /Users/YutoTakamoto/Desktop/Kancolle Scrape Data/Sounds/7 mikazuki - ujhxqqlcorxv/2 Secretary 1 mikazuki.mp3 already exists!
A file by the path /Users/YutoTakamoto/Desktop/Kancolle Scrape Data/Sounds/7 mikazuki - ujhxqqlcorxv/3 Secretary 2 mikazuki.mp3 already exists!
A file by the path /Users/YutoTakamoto/Desktop/Kancolle Scrape Data/Sounds/7 mikazuki - ujhxqqlcorxv/4 Secretary 3 mikazuki.mp3 already exists!
A file by the path /Users/YutoTakamoto/Desktop/Kancolle Scrape Data/Sounds/9 fubuki - gyckjmemgqoe/2 Secretary 1 fubuki.mp3 already exists!
A file by the path /Users/YutoTakamoto/Desktop/Kancolle Scrape Data/Sounds/9 fubuki - gyckjmemgqoe/3 Secretary 2 fubuki.mp3 already exists!
A file by the path /Users/YutoTakamoto/Desktop/Kancolle Scrape Data/Sounds/9 fubuki - gyckjmemgqoe/4 Secretary 3 fubuki.mp3 already exists!
A file by the path /Users/YutoTakamoto/Desktop/Kancolle Scrape Data/Sounds/10 shirayuki - xqnkdultpvaf/2 Secretary 1 shirayuki.mp3 already exists!
A file by the path /Users/YutoTakamoto/Desktop/Kancolle Scrape Data/Sounds/10 shirayuki - xqnkdultpvaf/3 Secretary 2 shirayuki.mp3 already exists!
A file by the path /Users/YutoTakamoto/Desktop/Kancolle Scrape Data/Sounds/10 shirayuki - xqnkdultpvaf/4 Secretary 3 shirayuki.mp3 already exists!
A file by the path /Users/YutoTakamoto/Desktop/Kancolle Scrape Data/Sounds/11 miyuki - cdidanqovcfr/2 Secretary 1 miyuki.mp3 already exists!
A file by the path /Users/YutoTakamoto/Desktop/Kancolle Scrape Data/Sounds/11 miyuki - cdidanqovcfr/3 Secretary 2 miyuki.mp3 already exists!
A file by the path /Users/YutoTakamoto/Desktop/Kancolle Scrape Data/Sounds/11 miyuki - cdidanqovcfr/4 Secretary 3 miyuki.mp3 already exists!
A file by the path /Users/YutoTakamoto/Desktop/Kancolle Scrape Data/Sounds/12 isonami - ljesxnctkmmf/2 Secretary 1 isonami.mp3 already exists!
A file by the path /Users/YutoTakamoto/Desktop/Kancolle Scrape Data/Sounds/12 isonami - ljesxnctkmmf/3 Secretary 2 isonami.mp3 already exists!
